[2026-04-19 15:34:49] Starting deployment process...
[2026-04-19 15:34:49] Log file: /home/alnav/nixOS/deploy-20260419_153449.log
[2026-04-19 15:34:49] Verbose mode: false
[2026-04-19 15:34:49] Configuration file: /home/alnav/nixOS/.deploy/config
[2026-04-19 15:34:49] Updating flakes...
[2026-04-19 15:34:49] Executing: nix flake update
warning: Git tree '/home/alnav/nixOS' is dirty
warning: unable to download 'https://api.github.com/repos/nix-community/disko/commits/HEAD': HTTP error 403

response body:

{"message":"API rate limit exceeded for 138.199.6.223. (But here's the good news: Authenticated requests get a higher rate limit. Check out the documentation for more details.)","documentation_url":"https://docs.github.com/rest/overview/resources-in-the-rest-api#rate-limiting"}; using cached version
warning: unable to download 'https://api.github.com/repos/Daaboulex/eden-nix/commits/HEAD': HTTP error 403

response body:

{"message":"API rate limit exceeded for 138.199.6.223. (But here's the good news: Authenticated requests get a higher rate limit. Check out the documentation for more details.)","documentation_url":"https://docs.github.com/rest/overview/resources-in-the-rest-api#rate-limiting"}; using cached version
warning: unable to download 'https://api.github.com/repos/alnav3/emudeck-electron/commits/HEAD': HTTP error 403

response body:

{"message":"API rate limit exceeded for 138.199.6.223. (But here's the good news: Authenticated requests get a higher rate limit. Check out the documentation for more details.)","documentation_url":"https://docs.github.com/rest/overview/resources-in-the-rest-api#rate-limiting"}; using cached version
warning: unable to download 'https://api.github.com/repos/alnav3/ES-DE-flake/commits/HEAD': HTTP error 403

response body:

{"message":"API rate limit exceeded for 138.199.6.223. (But here's the good news: Authenticated requests get a higher rate limit. Check out the documentation for more details.)","documentation_url":"https://docs.github.com/rest/overview/resources-in-the-rest-api#rate-limiting"}; using cached version
warning: unable to download 'https://api.github.com/repos/nix-community/home-manager/commits/HEAD': HTTP error 403

response body:

{"message":"API rate limit exceeded for 138.199.6.223. (But here's the good news: Authenticated requests get a higher rate limit. Check out the documentation for more details.)","documentation_url":"https://docs.github.com/rest/overview/resources-in-the-rest-api#rate-limiting"}; using cached version
warning: unable to download 'https://api.github.com/repos/fiffeek/hyprdynamicmonitors/commits/HEAD': HTTP error 403

response body:

{"message":"API rate limit exceeded for 138.199.6.223. (But here's the good news: Authenticated requests get a higher rate limit. Check out the documentation for more details.)","documentation_url":"https://docs.github.com/rest/overview/resources-in-the-rest-api#rate-limiting"}; using cached version
warning: unable to download 'https://api.github.com/repos/hyprwm/Hyprland/commits/HEAD': HTTP error 403

response body:

{"message":"API rate limit exceeded for 138.199.6.223. (But here's the good news: Authenticated requests get a higher rate limit. Check out the documentation for more details.)","documentation_url":"https://docs.github.com/rest/overview/resources-in-the-rest-api#rate-limiting"}; using cached version
warning: unable to download 'https://api.github.com/repos/Jovian-Experiments/Jovian-NixOS/commits/HEAD': HTTP error 403

response body:

{"message":"API rate limit exceeded for 138.199.6.223. (But here's the good news: Authenticated requests get a higher rate limit. Check out the documentation for more details.)","documentation_url":"https://docs.github.com/rest/overview/resources-in-the-rest-api#rate-limiting"}; using cached version
warning: unable to download 'https://api.github.com/repos/pabloaul/lsfg-vk-flake/commits/main': HTTP error 403

response body:

{"message":"API rate limit exceeded for 138.199.6.223. (But here's the good news: Authenticated requests get a higher rate limit. Check out the documentation for more details.)","documentation_url":"https://docs.github.com/rest/overview/resources-in-the-rest-api#rate-limiting"}; using cached version
warning: unable to download 'https://api.github.com/repos/gmodena/nix-flatpak/commits/v0.6.0': HTTP error 403

response body:

{"message":"API rate limit exceeded for 138.199.6.223. (But here's the good news: Authenticated requests get a higher rate limit. Check out the documentation for more details.)","documentation_url":"https://docs.github.com/rest/overview/resources-in-the-rest-api#rate-limiting"}; using cached version
warning: unable to download 'https://api.github.com/repos/NixOS/nixos-hardware/commits/master': HTTP error 403

response body:

{"message":"API rate limit exceeded for 138.199.6.223. (But here's the good news: Authenticated requests get a higher rate limit. Check out the documentation for more details.)","documentation_url":"https://docs.github.com/rest/overview/resources-in-the-rest-api#rate-limiting"}; using cached version
warning: unable to download 'https://api.github.com/repos/nix-community/NixOS-WSL/commits/main': HTTP error 403

response body:

{"message":"API rate limit exceeded for 138.199.6.223. (But here's the good news: Authenticated requests get a higher rate limit. Check out the documentation for more details.)","documentation_url":"https://docs.github.com/rest/overview/resources-in-the-rest-api#rate-limiting"}; using cached version
warning: unable to download 'https://api.github.com/repos/nixos/nixpkgs/commits/nixos-unstable': HTTP error 403

response body:

{"message":"API rate limit exceeded for 138.199.6.223. (But here's the good news: Authenticated requests get a higher rate limit. Check out the documentation for more details.)","documentation_url":"https://docs.github.com/rest/overview/resources-in-the-rest-api#rate-limiting"}; using cached version
warning: unable to download 'https://api.github.com/repos/NixOS/nixpkgs/commits/nixos-25.05': HTTP error 403

response body:

{"message":"API rate limit exceeded for 138.199.6.223. (But here's the good news: Authenticated requests get a higher rate limit. Check out the documentation for more details.)","documentation_url":"https://docs.github.com/rest/overview/resources-in-the-rest-api#rate-limiting"}; using cached version
warning: unable to download 'https://api.github.com/repos/noctalia-dev/noctalia-shell/commits/HEAD': HTTP error 403

response body:

{"message":"API rate limit exceeded for 138.199.6.223. (But here's the good news: Authenticated requests get a higher rate limit. Check out the documentation for more details.)","documentation_url":"https://docs.github.com/rest/overview/resources-in-the-rest-api#rate-limiting"}; using cached version
warning: unable to download 'https://api.github.com/repos/jorikvanveen/posting-flake/commits/HEAD': HTTP error 403

response body:

{"message":"API rate limit exceeded for 138.199.6.223. (But here's the good news: Authenticated requests get a higher rate limit. Check out the documentation for more details.)","documentation_url":"https://docs.github.com/rest/overview/resources-in-the-rest-api#rate-limiting"}; using cached version
warning: input 'posting-flake/utils' has an override for a non-existent input 'nixpkgs'
warning: unable to download 'https://api.github.com/repos/zbaylin/rofi-wifi-menu/commits/HEAD': HTTP error 403

response body:

{"message":"API rate limit exceeded for 138.199.6.223. (But here's the good news: Authenticated requests get a higher rate limit. Check out the documentation for more details.)","documentation_url":"https://docs.github.com/rest/overview/resources-in-the-rest-api#rate-limiting"}; using cached version
warning: unable to download 'https://api.github.com/repos/danth/stylix/commits/HEAD': HTTP error 403

response body:

{"message":"API rate limit exceeded for 138.199.6.223. (But here's the good news: Authenticated requests get a higher rate limit. Check out the documentation for more details.)","documentation_url":"https://docs.github.com/rest/overview/resources-in-the-rest-api#rate-limiting"}; using cached version
warning: unable to download 'https://api.github.com/repos/alnav3/system-bridge-nix/commits/HEAD': HTTP error 403

response body:

{"message":"API rate limit exceeded for 138.199.6.223. (But here's the good news: Authenticated requests get a higher rate limit. Check out the documentation for more details.)","documentation_url":"https://docs.github.com/rest/overview/resources-in-the-rest-api#rate-limiting"}; using cached version
warning: unable to download 'https://api.github.com/repos/tmux-plugins/tpm/commits/HEAD': HTTP error 403

response body:

{"message":"API rate limit exceeded for 138.199.6.223. (But here's the good news: Authenticated requests get a higher rate limit. Check out the documentation for more details.)","documentation_url":"https://docs.github.com/rest/overview/resources-in-the-rest-api#rate-limiting"}; using cached version
warning: unable to download 'https://api.github.com/repos/BirdeeHub/nix-wrapper-modules/commits/HEAD': HTTP error 403

response body:

{"message":"API rate limit exceeded for 138.199.6.223. (But here's the good news: Authenticated requests get a higher rate limit. Check out the documentation for more details.)","documentation_url":"https://docs.github.com/rest/overview/resources-in-the-rest-api#rate-limiting"}; using cached version
warning: unable to download 'https://api.github.com/repos/0xc000022070/zen-browser-flake/commits/HEAD': HTTP error 403

response body:

{"message":"API rate limit exceeded for 138.199.6.223. (But here's the good news: Authenticated requests get a higher rate limit. Check out the documentation for more details.)","documentation_url":"https://docs.github.com/rest/overview/resources-in-the-rest-api#rate-limiting"}; using cached version
[2026-04-19 15:34:51] ✓ Updating flakes completed successfully
[2026-04-19 15:34:51] Checking if mjolnir is reachable...
[2026-04-19 15:34:56] ✓ mjolnir is already reachable
[2026-04-19 15:34:56] Setting up sleep inhibitor on mjolnir...
duplicate session: deploy_inhibitor
